
июн. 23, 2022 12:57:37 AM ServerOk main
INFO: server connected on port: 8000
июн. 23, 2022 12:57:41 AM ServerOk main
INFO: Клиент подключился
июн. 23, 2022 12:57:41 AM ServerOk lambda$main$1
INFO: Клиент добавлен в мапу
июн. 23, 2022 12:57:44 AM ServerOk lambda$main$1
INFO: Пользователь: gohsa
Порт:60500
июн. 23, 2022 12:58:00 AM ServerOk lambda$main$1
INFO: Пользователь вышел
июн. 23, 2022 12:58:55 AM ServerOk main
INFO: server connected on port: 8000
июн. 23, 2022 12:59:04 AM ServerOk main
INFO: Клиент подключился
июн. 23, 2022 12:59:04 AM ServerOk lambda$main$1
INFO: Клиент добавлен в мапу
июн. 23, 2022 12:59:06 AM ServerOk lambda$main$1
INFO: Пользователь: gosha
Порт:60508
июн. 23, 2022 12:59:11 AM ServerOk lambda$main$1
INFO: Пользователь вышел
июн. 27, 2022 3:41:47 PM ServerOk main
INFO: server connected on port: 8000
июн. 27, 2022 3:41:56 PM ServerOk main
INFO: Клиент подключился
июн. 27, 2022 3:41:56 PM ServerOk lambda$main$0
INFO: Клиент добавлен в мапу
июн. 27, 2022 3:41:59 PM ServerOk lambda$main$0
INFO: Пользователь: гоша
Порт:52945
